Runx1 allocated to htc-1024-n2
environment bee
/ix/djishnu/alw399/envs/bee/bin/python
Found serious error when loading data. It might be because of discrepancy of dependent library. You are trying to load an object which was generated with a library of different version.
Traceback (most recent call last):
  File "/ix/djishnu/alw399/envs/bee/lib/python3.9/site-packages/celloracle/trajectory/oracle_core.py", line 71, in load_oracle
    obj = load_hdf5(filename=file_path, obj_class=Oracle, ignore_attrs_if_err=["knn", "knn_smoothing_w", "pca"])
  File "/ix/djishnu/alw399/envs/bee/lib/python3.9/site-packages/celloracle/utility/hdf5_processing.py", line 134, in load_hdf5
    setattr(obj, k[1:], _uint2obj(_file[k][:]))
  File "/ix/djishnu/alw399/envs/bee/lib/python3.9/site-packages/celloracle/utility/hdf5_processing.py", line 41, in _uint2obj
    return pickle.loads(zlib.decompress(uint.tobytes()))
ModuleNotFoundError: No module named 'pandas.core.indexes.numeric'

During handling of the above exception, another exception occurred:

Traceback (most recent call last):
  File "/ix/djishnu/alw399/SpaceOracle/notebooks/mouse_lymphnode_slideseq/compare_co.py", line 19, in <module>
    oracle = co.load_hdf5("/ix/djishnu/shared/djishnu_kor11/co_objects/mLND3-1_v4.celloracle.oracle")
  File "/ix/djishnu/alw399/envs/bee/lib/python3.9/site-packages/celloracle/utility/load_hdf5.py", line 35, in load_hdf5
    obj = load_oracle(file_path=file_path)
  File "/ix/djishnu/alw399/envs/bee/lib/python3.9/site-packages/celloracle/trajectory/oracle_core.py", line 75, in load_oracle
    obj = load_hdf5(filename=file_path, obj_class=Oracle, ignore_attrs_if_err=["knn", "knn_smoothing_w", "pca"])
  File "/ix/djishnu/alw399/envs/bee/lib/python3.9/site-packages/celloracle/utility/hdf5_processing.py", line 134, in load_hdf5
    setattr(obj, k[1:], _uint2obj(_file[k][:]))
  File "/ix/djishnu/alw399/envs/bee/lib/python3.9/site-packages/celloracle/utility/hdf5_processing.py", line 41, in _uint2obj
    return pickle.loads(zlib.decompress(uint.tobytes()))
ModuleNotFoundError: No module named 'pandas.core.indexes.numeric'
slurmstepd: error: *** JOB 4948887 ON htc-1024-n2 CANCELLED AT 2025-02-14T10:10:08 DUE TO TIME LIMIT ***
